<?xml version="1.0" encoding="UTF-8"?>
<testsuite name="com.bridgelabz.GenericsMaximumTest" tests="1" skipped="0" failures="0" errors="0" timestamp="2021-03-26T07:11:01" hostname="LAPTOP-FPFKM2LM" time="0.024">
  <properties/>
  <testcase name="givenInteger_whenThirdIntegerIsMax_ReturnSame()" classname="com.bridgelabz.GenericsMaximumTest" time="0.024"/>
  <system-out><![CDATA[]]></system-out>
  <system-err><![CDATA[]]></system-err>
</testsuite>
