<?xml version="1.0" encoding="UTF-8"?>
<testsuite name="com.bridgelabz.GenericsMaximumTest" tests="3" skipped="0" failures="0" errors="0" timestamp="2021-03-24T17:58:14" hostname="LAPTOP-FPFKM2LM" time="0.025">
  <properties/>
  <testcase name="givenIntegers_whenFirstIntegerIsMax_ReturnSame()" classname="com.bridgelabz.GenericsMaximumTest" time="0.022"/>
  <testcase name="givenIntegers_whenSecondIntegerIsMax_ReturnSame()" classname="com.bridgelabz.GenericsMaximumTest" time="0.001"/>
  <testcase name="givenIntegers_whenThirdIntegerIsMax_ReturnSame()" classname="com.bridgelabz.GenericsMaximumTest" time="0.001"/>
  <system-out><![CDATA[]]></system-out>
  <system-err><![CDATA[]]></system-err>
</testsuite>
